<?xml version="1.0" encoding="UTF-8"?>
<testng-results skipped="0" failed="0" ignored="0" total="1" passed="1">
  <reporter-output>
  </reporter-output>
  <suite name="Suite" duration-ms="7197" started-at="2021-05-07T14:58:43Z" finished-at="2021-05-07T14:58:50Z">
    <groups>
    </groups>
    <test name="Test" duration-ms="7197" started-at="2021-05-07T14:58:43Z" finished-at="2021-05-07T14:58:50Z">
      <class name="com.TestCases.LoginTest">
        <test-method status="PASS" signature="login()[pri:0, instance:com.TestCases.LoginTest@3632be31]" name="login" duration-ms="7172" started-at="2021-05-07T14:58:43Z" finished-at="2021-05-07T14:58:50Z">
          <reporter-output>
          </reporter-output>
        </test-method> <!-- login -->
      </class> <!-- com.TestCases.LoginTest -->
    </test> <!-- Test -->
  </suite> <!-- Suite -->
</testng-results>
